2021-05-18 21:51:12.811  INFO 13500 --- [main] c.s.m.s.MicroServerSecurityApplication   : Starting MicroServerSecurityApplication using Java 1.8.0_281 on YangyangSheep with PID 13500 (H:\ProjectSpace\iron-door\multi-door\microserver-security\target\classes started by 15955 in H:\ProjectSpace\iron-door)
2021-05-18 21:51:12.816  INFO 13500 --- [main] c.s.m.s.MicroServerSecurityApplication   : The following profiles are active: dev
2021-05-18 21:51:14.456  INFO 13500 --- [main] .s.d.r.c.RepositoryConfigurationDelegate : Multiple Spring Data modules found, entering strict repository configuration mode!
2021-05-18 21:51:14.463  INFO 13500 --- [main] .s.d.r.c.RepositoryConfigurationDelegate : Bootstrapping Spring Data Redis repositories in DEFAULT mode.
2021-05-18 21:51:14.504  INFO 13500 --- [main] .s.d.r.c.RepositoryConfigurationDelegate : Finished Spring Data repository scanning in 13 ms. Found 0 Redis repository interfaces.
2021-05-18 21:51:14.904  INFO 13500 --- [main] o.s.cloud.context.scope.GenericScope     : BeanFactory id=9d4ebf0f-c886-35f7-96c8-291dd1a4d828
2021-05-18 21:51:15.134  INFO 13500 --- [main] trationDelegate$BeanPostProcessorChecker : Bean 'org.springframework.security.access.expression.method.DefaultMethodSecurityExpressionHandler@5099c59b' of type [org.springframework.security.oauth2.provider.expression.OAuth2MethodSecurityExpressionHandler] is not eligible for getting processed by all BeanPostProcessors (for example: not eligible for auto-proxying)
2021-05-18 21:51:15.138  INFO 13500 --- [main] trationDelegate$BeanPostProcessorChecker : Bean 'methodSecurityMetadataSource' of type [org.springframework.security.access.method.DelegatingMethodSecurityMetadataSource] is not eligible for getting processed by all BeanPostProcessors (for example: not eligible for auto-proxying)
2021-05-18 21:51:15.549  INFO 13500 --- [main] o.s.b.w.embedded.tomcat.TomcatWebServer  : Tomcat initialized with port(s): 39004 (http)
2021-05-18 21:51:15.566  INFO 13500 --- [main] o.apache.catalina.core.StandardService   : Starting service [Tomcat]
2021-05-18 21:51:15.569  INFO 13500 --- [main] org.apache.catalina.core.StandardEngine  : Starting Servlet engine: [Apache Tomcat/9.0.45]
2021-05-18 21:51:15.866  INFO 13500 --- [main] o.a.c.c.C.[Tomcat].[localhost].[/]       : Initializing Spring embedded WebApplicationContext
2021-05-18 21:51:15.866  INFO 13500 --- [main] w.s.c.ServletWebServerApplicationContext : Root WebApplicationContext: initialization completed in 2984 ms
2021-05-18 21:51:16.635  WARN 13500 --- [main] ConfigServletWebServerApplicationContext : Exception encountered during context initialization - cancelling refresh attempt: org.springframework.beans.factory.UnsatisfiedDependencyException: Error creating bean with name 'webSecurityConfig': Unsatisfied dependency expressed through field 'authEntryPoint'; nested exception is org.springframework.beans.factory.NoSuchBeanDefinitionException: No qualifying bean of type 'com.sheep.microserver.common.security.response.AuthEntryPoint' available: expected at least 1 bean which qualifies as autowire candidate. Dependency annotations: {@org.springframework.beans.factory.annotation.Autowired(required=true)}
2021-05-18 21:51:16.673  INFO 13500 --- [main] o.apache.catalina.core.StandardService   : Stopping service [Tomcat]
2021-05-18 21:51:16.705  INFO 13500 --- [main] ConditionEvaluationReportLoggingListener : 

Error starting ApplicationContext. To display the conditions report re-run your application with 'debug' enabled.
2021-05-18 21:51:16.747 ERROR 13500 --- [main] o.s.b.d.LoggingFailureAnalysisReporter   : 

***************************
APPLICATION FAILED TO START
***************************

Description:

Field authEntryPoint in com.sheep.microserver.security.auth.config.WebSecurityConfig required a bean of type 'com.sheep.microserver.common.security.response.AuthEntryPoint' that could not be found.

The injection point has the following annotations:
	- @org.springframework.beans.factory.annotation.Autowired(required=true)


Action:

Consider defining a bean of type 'com.sheep.microserver.common.security.response.AuthEntryPoint' in your configuration.

2021-05-18 21:54:07.637  INFO 27564 --- [main] c.s.m.s.MicroServerSecurityApplication   : Starting MicroServerSecurityApplication using Java 1.8.0_281 on YangyangSheep with PID 27564 (H:\ProjectSpace\iron-door\multi-door\microserver-security\target\classes started by 15955 in H:\ProjectSpace\iron-door)
2021-05-18 21:54:07.644  INFO 27564 --- [main] c.s.m.s.MicroServerSecurityApplication   : The following profiles are active: dev
2021-05-18 21:54:10.553  INFO 27564 --- [main] .s.d.r.c.RepositoryConfigurationDelegate : Multiple Spring Data modules found, entering strict repository configuration mode!
2021-05-18 21:54:10.557  INFO 27564 --- [main] .s.d.r.c.RepositoryConfigurationDelegate : Bootstrapping Spring Data Redis repositories in DEFAULT mode.
2021-05-18 21:54:10.601  INFO 27564 --- [main] .s.d.r.c.RepositoryConfigurationDelegate : Finished Spring Data repository scanning in 15 ms. Found 0 Redis repository interfaces.
2021-05-18 21:54:11.074  INFO 27564 --- [main] o.s.cloud.context.scope.GenericScope     : BeanFactory id=1cc12aff-323a-32b0-95b8-a48d300d216a
2021-05-18 21:54:11.315  INFO 27564 --- [main] trationDelegate$BeanPostProcessorChecker : Bean 'org.springframework.security.access.expression.method.DefaultMethodSecurityExpressionHandler@6cae2e4d' of type [org.springframework.security.oauth2.provider.expression.OAuth2MethodSecurityExpressionHandler] is not eligible for getting processed by all BeanPostProcessors (for example: not eligible for auto-proxying)
2021-05-18 21:54:11.323  INFO 27564 --- [main] trationDelegate$BeanPostProcessorChecker : Bean 'methodSecurityMetadataSource' of type [org.springframework.security.access.method.DelegatingMethodSecurityMetadataSource] is not eligible for getting processed by all BeanPostProcessors (for example: not eligible for auto-proxying)
2021-05-18 21:54:11.697  INFO 27564 --- [main] o.s.b.w.embedded.tomcat.TomcatWebServer  : Tomcat initialized with port(s): 39004 (http)
2021-05-18 21:54:11.711  INFO 27564 --- [main] o.apache.catalina.core.StandardService   : Starting service [Tomcat]
2021-05-18 21:54:11.711  INFO 27564 --- [main] org.apache.catalina.core.StandardEngine  : Starting Servlet engine: [Apache Tomcat/9.0.45]
2021-05-18 21:54:12.064  INFO 27564 --- [main] o.a.c.c.C.[Tomcat].[localhost].[/]       : Initializing Spring embedded WebApplicationContext
2021-05-18 21:54:12.064  INFO 27564 --- [main] w.s.c.ServletWebServerApplicationContext : Root WebApplicationContext: initialization completed in 4326 ms
2021-05-18 21:54:13.205  INFO 27564 --- [main] o.s.s.concurrent.ThreadPoolTaskExecutor  : Initializing ExecutorService 'applicationTaskExecutor'
2021-05-18 21:54:15.121  INFO 27564 --- [main] o.s.cloud.commons.util.InetUtils         : Cannot determine local hostname
2021-05-18 21:54:15.790  INFO 27564 --- [main] o.s.s.web.DefaultSecurityFilterChain     : Will secure any request with [org.springframework.security.web.context.request.async.WebAsyncManagerIntegrationFilter@60ab895f, org.springframework.security.web.context.SecurityContextPersistenceFilter@2d230cff, org.springframework.security.web.header.HeaderWriterFilter@3d718248, org.springframework.security.web.authentication.logout.LogoutFilter@73ddb7ef, org.springframework.security.web.authentication.UsernamePasswordAuthenticationFilter@67f8f5a6, com.sheep.microserver.common.security.filter.AuthFilter@295f2d1b, org.springframework.security.web.savedrequest.RequestCacheAwareFilter@3c87e851, org.springframework.security.web.servletapi.SecurityContextHolderAwareRequestFilter@4a0c3aa8, org.springframework.security.web.authentication.AnonymousAuthenticationFilter@65015a49, org.springframework.security.web.access.ExceptionTranslationFilter@6cc90398, org.springframework.security.web.access.intercept.FilterSecurityInterceptor@3a8b9458]
2021-05-18 21:54:17.419  INFO 27564 --- [main] o.s.cloud.commons.util.InetUtils         : Cannot determine local hostname
2021-05-18 21:54:17.431  INFO 27564 --- [main] DiscoveryClientOptionalArgsConfiguration : Eureka HTTP Client uses RestTemplate.
2021-05-18 21:54:17.529  WARN 27564 --- [main] iguration$LoadBalancerCaffeineWarnLogger : Spring Cloud LoadBalancer is currently working with the default cache. You can switch to using Caffeine cache, by adding it to the classpath.
2021-05-18 21:54:17.547  WARN 27564 --- [main] s.o.SpringCloudSecurityAutoConfiguration : All Spring Cloud Security modules and starters are deprecated. They will be moved to individual projects in the next major release.
2021-05-18 21:54:17.553  INFO 27564 --- [main] o.s.b.a.e.web.EndpointLinksResolver      : Exposing 2 endpoint(s) beneath base path '/actuator'
2021-05-18 21:54:17.701  INFO 27564 --- [main] o.s.c.n.eureka.InstanceInfoFactory       : Setting initial instance status as: STARTING
2021-05-18 21:54:17.786  INFO 27564 --- [main] com.netflix.discovery.DiscoveryClient    : Initializing Eureka in region us-east-1
2021-05-18 21:54:17.794  INFO 27564 --- [main] c.n.d.s.r.aws.ConfigClusterResolver      : Resolving eureka endpoints via configuration
2021-05-18 21:54:18.200  INFO 27564 --- [main] com.netflix.discovery.DiscoveryClient    : Disable delta property : false
2021-05-18 21:54:18.201  INFO 27564 --- [main] com.netflix.discovery.DiscoveryClient    : Single vip registry refresh property : null
2021-05-18 21:54:18.201  INFO 27564 --- [main] com.netflix.discovery.DiscoveryClient    : Force full registry fetch : false
2021-05-18 21:54:18.201  INFO 27564 --- [main] com.netflix.discovery.DiscoveryClient    : Application is null : false
2021-05-18 21:54:18.201  INFO 27564 --- [main] com.netflix.discovery.DiscoveryClient    : Registered Applications size is zero : true
2021-05-18 21:54:18.201  INFO 27564 --- [main] com.netflix.discovery.DiscoveryClient    : Application version is -1: true
2021-05-18 21:54:18.201  INFO 27564 --- [main] com.netflix.discovery.DiscoveryClient    : Getting all instance registry info from the eureka server
2021-05-18 21:54:18.597  INFO 27564 --- [main] com.netflix.discovery.DiscoveryClient    : The response status is 200
2021-05-18 21:54:18.602  INFO 27564 --- [main] com.netflix.discovery.DiscoveryClient    : Starting heartbeat executor: renew interval is: 30
2021-05-18 21:54:18.606  INFO 27564 --- [main] c.n.discovery.InstanceInfoReplicator     : InstanceInfoReplicator onDemand update allowed rate per min is 4
2021-05-18 21:54:18.612  INFO 27564 --- [main] com.netflix.discovery.DiscoveryClient    : Discovery Client initialized at timestamp 1621346058611 with initial instances count: 10
2021-05-18 21:54:18.616  INFO 27564 --- [main] o.s.c.n.e.s.EurekaServiceRegistry        : Registering application MICROSERVER-SECURITY with eureka with status UP
2021-05-18 21:54:18.618  INFO 27564 --- [main] com.netflix.discovery.DiscoveryClient    : Saw local status change event StatusChangeEvent [timestamp=1621346058618, current=UP, previous=STARTING]
2021-05-18 21:54:18.621  INFO 27564 --- [DiscoveryClient-InstanceInfoReplicator-0] com.netflix.discovery.DiscoveryClient    : DiscoveryClient_MICROSERVER-SECURITY/microserver-security(192.168.203.1:39004): registering service...
2021-05-18 21:54:18.657  INFO 27564 --- [main] o.s.b.w.embedded.tomcat.TomcatWebServer  : Tomcat started on port(s): 39004 (http) with context path ''
2021-05-18 21:54:18.658  INFO 27564 --- [main] .s.c.n.e.s.EurekaAutoServiceRegistration : Updating port to 39004
2021-05-18 21:54:18.793  INFO 27564 --- [DiscoveryClient-InstanceInfoReplicator-0] com.netflix.discovery.DiscoveryClient    : DiscoveryClient_MICROSERVER-SECURITY/microserver-security(192.168.203.1:39004) - registration status: 204
2021-05-18 21:54:20.235  INFO 27564 --- [main] o.s.cloud.commons.util.InetUtils         : Cannot determine local hostname
2021-05-18 21:54:20.278  INFO 27564 --- [main] c.s.m.s.MicroServerSecurityApplication   : Started MicroServerSecurityApplication in 16.077 seconds (JVM running for 18.445)
2021-05-18 21:54:21.573  INFO 27564 --- [RMI TCP Connection(3)-192.168.203.1] o.a.c.c.C.[Tomcat].[localhost].[/]       : Initializing Spring DispatcherServlet 'dispatcherServlet'
2021-05-18 21:54:21.573  INFO 27564 --- [RMI TCP Connection(3)-192.168.203.1] o.s.web.servlet.DispatcherServlet        : Initializing Servlet 'dispatcherServlet'
2021-05-18 21:54:21.576  INFO 27564 --- [RMI TCP Connection(3)-192.168.203.1] o.s.web.servlet.DispatcherServlet        : Completed initialization in 2 ms
2021-05-18 21:54:24.092  WARN 27564 --- [boundedElastic-1] o.s.b.a.r.RedisReactiveHealthIndicator   : Redis health check failed

org.springframework.data.redis.RedisConnectionFailureException: Unable to connect to Redis; nested exception is io.lettuce.core.RedisConnectionException: Unable to connect to localhost:6379
	at org.springframework.data.redis.connection.lettuce.LettuceConnectionFactory$ExceptionTranslatingConnectionProvider.translateException(LettuceConnectionFactory.java:1553) ~[spring-data-redis-2.4.8.jar:2.4.8]
	at org.springframework.data.redis.connection.lettuce.LettuceConnectionFactory$ExceptionTranslatingConnectionProvider.getConnection(LettuceConnectionFactory.java:1461) ~[spring-data-redis-2.4.8.jar:2.4.8]
	at org.springframework.data.redis.connection.lettuce.LettuceConnectionFactory$SharedConnection.getNativeConnection(LettuceConnectionFactory.java:1247) ~[spring-data-redis-2.4.8.jar:2.4.8]
	at org.springframework.data.redis.connection.lettuce.LettuceConnectionFactory$SharedConnection.getConnection(LettuceConnectionFactory.java:1230) ~[spring-data-redis-2.4.8.jar:2.4.8]
	at org.springframework.data.redis.connection.lettuce.LettuceConnectionFactory.getSharedReactiveConnection(LettuceConnectionFactory.java:989) ~[spring-data-redis-2.4.8.jar:2.4.8]
	at org.springframework.data.redis.connection.lettuce.LettuceConnectionFactory.getReactiveConnection(LettuceConnectionFactory.java:445) ~[spring-data-redis-2.4.8.jar:2.4.8]
	at org.springframework.data.redis.connection.lettuce.LettuceConnectionFactory.getReactiveConnection(LettuceConnectionFactory.java:98) ~[spring-data-redis-2.4.8.jar:2.4.8]
	at reactor.core.publisher.MonoSupplier.call(MonoSupplier.java:85) ~[reactor-core-3.4.5.jar:3.4.5]
	at reactor.core.publisher.FluxSubscribeOnCallable$CallableSubscribeOnSubscription.run(FluxSubscribeOnCallable.java:227) ~[reactor-core-3.4.5.jar:3.4.5]
	at reactor.core.scheduler.SchedulerTask.call(SchedulerTask.java:68) ~[reactor-core-3.4.5.jar:3.4.5]
	at reactor.core.scheduler.SchedulerTask.call(SchedulerTask.java:28) ~[reactor-core-3.4.5.jar:3.4.5]
	at java.util.concurrent.FutureTask.run$$$capture(FutureTask.java:266) ~[na:1.8.0_281]
	at java.util.concurrent.FutureTask.run(FutureTask.java) ~[na:1.8.0_281]
	at java.util.concurrent.ScheduledThreadPoolExecutor$ScheduledFutureTask.access$201(ScheduledThreadPoolExecutor.java:180) ~[na:1.8.0_281]
	at java.util.concurrent.ScheduledThreadPoolExecutor$ScheduledFutureTask.run(ScheduledThreadPoolExecutor.java:293) ~[na:1.8.0_281]
	at java.util.concurrent.ThreadPoolExecutor.runWorker(ThreadPoolExecutor.java:1149) ~[na:1.8.0_281]
	at java.util.concurrent.ThreadPoolExecutor$Worker.run(ThreadPoolExecutor.java:624) ~[na:1.8.0_281]
	at java.lang.Thread.run(Thread.java:748) ~[na:1.8.0_281]
Caused by: io.lettuce.core.RedisConnectionException: Unable to connect to localhost:6379
	at io.lettuce.core.RedisConnectionException.create(RedisConnectionException.java:78) ~[lettuce-core-6.0.4.RELEASE.jar:6.0.4.RELEASE]
	at io.lettuce.core.RedisConnectionException.create(RedisConnectionException.java:56) ~[lettuce-core-6.0.4.RELEASE.jar:6.0.4.RELEASE]
	at io.lettuce.core.AbstractRedisClient.getConnection(AbstractRedisClient.java:320) ~[lettuce-core-6.0.4.RELEASE.jar:6.0.4.RELEASE]
	at io.lettuce.core.RedisClient.connect(RedisClient.java:211) ~[lettuce-core-6.0.4.RELEASE.jar:6.0.4.RELEASE]
	at org.springframework.data.redis.connection.lettuce.StandaloneConnectionProvider.lambda$getConnection$1(StandaloneConnectionProvider.java:115) ~[spring-data-redis-2.4.8.jar:2.4.8]
	at java.util.Optional.orElseGet(Optional.java:267) ~[na:1.8.0_281]
	at org.springframework.data.redis.connection.lettuce.StandaloneConnectionProvider.getConnection(StandaloneConnectionProvider.java:115) ~[spring-data-redis-2.4.8.jar:2.4.8]
	at org.springframework.data.redis.connection.lettuce.LettuceConnectionFactory$ExceptionTranslatingConnectionProvider.getConnection(LettuceConnectionFactory.java:1459) ~[spring-data-redis-2.4.8.jar:2.4.8]
	... 16 common frames omitted
Caused by: io.netty.channel.AbstractChannel$AnnotatedConnectException: Connection refused: no further information: localhost/127.0.0.1:6379
Caused by: java.net.ConnectException: Connection refused: no further information
	at sun.nio.ch.SocketChannelImpl.checkConnect(Native Method) ~[na:1.8.0_281]
	at sun.nio.ch.SocketChannelImpl.finishConnect(SocketChannelImpl.java:715) ~[na:1.8.0_281]
	at io.netty.channel.socket.nio.NioSocketChannel.doFinishConnect(NioSocketChannel.java:330) ~[netty-transport-4.1.63.Final.jar:4.1.63.Final]
	at io.netty.channel.nio.AbstractNioChannel$AbstractNioUnsafe.finishConnect(AbstractNioChannel.java:334) ~[netty-transport-4.1.63.Final.jar:4.1.63.Final]
	at io.netty.channel.nio.NioEventLoop.processSelectedKey(NioEventLoop.java:707) ~[netty-transport-4.1.63.Final.jar:4.1.63.Final]
	at io.netty.channel.nio.NioEventLoop.processSelectedKeysOptimized(NioEventLoop.java:655) ~[netty-transport-4.1.63.Final.jar:4.1.63.Final]
	at io.netty.channel.nio.NioEventLoop.processSelectedKeys(NioEventLoop.java:581) ~[netty-transport-4.1.63.Final.jar:4.1.63.Final]
	at io.netty.channel.nio.NioEventLoop.run(NioEventLoop.java:493) ~[netty-transport-4.1.63.Final.jar:4.1.63.Final]
	at io.netty.util.concurrent.SingleThreadEventExecutor$4.run(SingleThreadEventExecutor.java:989) ~[netty-common-4.1.63.Final.jar:4.1.63.Final]
	at io.netty.util.internal.ThreadExecutorMap$2.run(ThreadExecutorMap.java:74) ~[netty-common-4.1.63.Final.jar:4.1.63.Final]
	at io.netty.util.concurrent.FastThreadLocalRunnable.run(FastThreadLocalRunnable.java:30) ~[netty-common-4.1.63.Final.jar:4.1.63.Final]
	at java.lang.Thread.run(Thread.java:748) ~[na:1.8.0_281]

2021-05-18 21:55:27.281  INFO 27564 --- [SpringContextShutdownHook] o.s.c.n.e.s.EurekaServiceRegistry        : Unregistering application MICROSERVER-SECURITY with eureka with status DOWN
2021-05-18 21:55:27.281  INFO 27564 --- [SpringContextShutdownHook] com.netflix.discovery.DiscoveryClient    : Saw local status change event StatusChangeEvent [timestamp=1621346127281, current=DOWN, previous=UP]
2021-05-18 21:55:27.282  INFO 27564 --- [DiscoveryClient-InstanceInfoReplicator-0] com.netflix.discovery.DiscoveryClient    : DiscoveryClient_MICROSERVER-SECURITY/microserver-security(192.168.203.1:39004): registering service...
2021-05-18 21:55:27.389  INFO 27564 --- [DiscoveryClient-InstanceInfoReplicator-0] com.netflix.discovery.DiscoveryClient    : DiscoveryClient_MICROSERVER-SECURITY/microserver-security(192.168.203.1:39004) - registration status: 204
2021-05-18 21:55:27.786  INFO 27564 --- [SpringContextShutdownHook] o.s.s.concurrent.ThreadPoolTaskExecutor  : Shutting down ExecutorService 'applicationTaskExecutor'
2021-05-18 21:55:27.928  INFO 27564 --- [SpringContextShutdownHook] com.netflix.discovery.DiscoveryClient    : Shutting down DiscoveryClient ...
2021-05-18 21:55:30.939  INFO 27564 --- [SpringContextShutdownHook] com.netflix.discovery.DiscoveryClient    : Unregistering ...
2021-05-18 21:55:31.039  INFO 27564 --- [SpringContextShutdownHook] com.netflix.discovery.DiscoveryClient    : DiscoveryClient_MICROSERVER-SECURITY/microserver-security(192.168.203.1:39004) - deregister  status: 200
2021-05-18 21:55:31.044  INFO 27564 --- [SpringContextShutdownHook] com.netflix.discovery.DiscoveryClient    : Completed shut down of DiscoveryClient
2021-05-18 21:55:47.567  INFO 16404 --- [main] c.s.m.s.MicroServerSecurityApplication   : Starting MicroServerSecurityApplication using Java 1.8.0_281 on YangyangSheep with PID 16404 (H:\ProjectSpace\iron-door\multi-door\microserver-security\target\classes started by 15955 in H:\ProjectSpace\iron-door)
2021-05-18 21:55:47.572  INFO 16404 --- [main] c.s.m.s.MicroServerSecurityApplication   : The following profiles are active: dev
2021-05-18 21:55:49.134  INFO 16404 --- [main] .s.d.r.c.RepositoryConfigurationDelegate : Multiple Spring Data modules found, entering strict repository configuration mode!
2021-05-18 21:55:49.137  INFO 16404 --- [main] .s.d.r.c.RepositoryConfigurationDelegate : Bootstrapping Spring Data Redis repositories in DEFAULT mode.
2021-05-18 21:55:49.169  INFO 16404 --- [main] .s.d.r.c.RepositoryConfigurationDelegate : Finished Spring Data repository scanning in 11 ms. Found 0 Redis repository interfaces.
2021-05-18 21:55:49.536  INFO 16404 --- [main] o.s.cloud.context.scope.GenericScope     : BeanFactory id=1cc12aff-323a-32b0-95b8-a48d300d216a
2021-05-18 21:55:49.776  INFO 16404 --- [main] trationDelegate$BeanPostProcessorChecker : Bean 'org.springframework.security.access.expression.method.DefaultMethodSecurityExpressionHandler@58fd1214' of type [org.springframework.security.oauth2.provider.expression.OAuth2MethodSecurityExpressionHandler] is not eligible for getting processed by all BeanPostProcessors (for example: not eligible for auto-proxying)
2021-05-18 21:55:49.780  INFO 16404 --- [main] trationDelegate$BeanPostProcessorChecker : Bean 'methodSecurityMetadataSource' of type [org.springframework.security.access.method.DelegatingMethodSecurityMetadataSource] is not eligible for getting processed by all BeanPostProcessors (for example: not eligible for auto-proxying)
2021-05-18 21:55:50.150  INFO 16404 --- [main] o.s.b.w.embedded.tomcat.TomcatWebServer  : Tomcat initialized with port(s): 39004 (http)
2021-05-18 21:55:50.165  INFO 16404 --- [main] o.apache.catalina.core.StandardService   : Starting service [Tomcat]
2021-05-18 21:55:50.165  INFO 16404 --- [main] org.apache.catalina.core.StandardEngine  : Starting Servlet engine: [Apache Tomcat/9.0.45]
2021-05-18 21:55:50.435  INFO 16404 --- [main] o.a.c.c.C.[Tomcat].[localhost].[/]       : Initializing Spring embedded WebApplicationContext
2021-05-18 21:55:50.435  INFO 16404 --- [main] w.s.c.ServletWebServerApplicationContext : Root WebApplicationContext: initialization completed in 2797 ms
2021-05-18 21:55:51.492  INFO 16404 --- [main] o.s.s.concurrent.ThreadPoolTaskExecutor  : Initializing ExecutorService 'applicationTaskExecutor'
2021-05-18 21:55:53.385  INFO 16404 --- [main] o.s.cloud.commons.util.InetUtils         : Cannot determine local hostname
2021-05-18 21:55:54.073  INFO 16404 --- [main] o.s.s.web.DefaultSecurityFilterChain     : Will secure any request with [org.springframework.security.web.context.request.async.WebAsyncManagerIntegrationFilter@c2e33, org.springframework.security.web.context.SecurityContextPersistenceFilter@799971ac, org.springframework.security.web.header.HeaderWriterFilter@45f241df, org.springframework.security.web.authentication.logout.LogoutFilter@bc52a41, org.springframework.security.web.authentication.UsernamePasswordAuthenticationFilter@9f48198, com.sheep.microserver.common.security.filter.AuthFilter@31183ee2, org.springframework.security.web.savedrequest.RequestCacheAwareFilter@45f0038, org.springframework.security.web.servletapi.SecurityContextHolderAwareRequestFilter@492fa72a, org.springframework.security.web.authentication.AnonymousAuthenticationFilter@63f3366a, org.springframework.security.web.access.ExceptionTranslationFilter@cfacf0, org.springframework.security.web.access.intercept.FilterSecurityInterceptor@4be460e5]
2021-05-18 21:55:55.758  INFO 16404 --- [main] o.s.cloud.commons.util.InetUtils         : Cannot determine local hostname
2021-05-18 21:55:55.784  INFO 16404 --- [main] DiscoveryClientOptionalArgsConfiguration : Eureka HTTP Client uses RestTemplate.
2021-05-18 21:55:55.891  WARN 16404 --- [main] iguration$LoadBalancerCaffeineWarnLogger : Spring Cloud LoadBalancer is currently working with the default cache. You can switch to using Caffeine cache, by adding it to the classpath.
2021-05-18 21:55:55.909  WARN 16404 --- [main] s.o.SpringCloudSecurityAutoConfiguration : All Spring Cloud Security modules and starters are deprecated. They will be moved to individual projects in the next major release.
2021-05-18 21:55:55.915  INFO 16404 --- [main] o.s.b.a.e.web.EndpointLinksResolver      : Exposing 2 endpoint(s) beneath base path '/actuator'
2021-05-18 21:55:56.090  INFO 16404 --- [main] o.s.c.n.eureka.InstanceInfoFactory       : Setting initial instance status as: STARTING
2021-05-18 21:55:56.151  INFO 16404 --- [main] com.netflix.discovery.DiscoveryClient    : Initializing Eureka in region us-east-1
2021-05-18 21:55:56.160  INFO 16404 --- [main] c.n.d.s.r.aws.ConfigClusterResolver      : Resolving eureka endpoints via configuration
2021-05-18 21:55:56.644  INFO 16404 --- [main] com.netflix.discovery.DiscoveryClient    : Disable delta property : false
2021-05-18 21:55:56.645  INFO 16404 --- [main] com.netflix.discovery.DiscoveryClient    : Single vip registry refresh property : null
2021-05-18 21:55:56.645  INFO 16404 --- [main] com.netflix.discovery.DiscoveryClient    : Force full registry fetch : false
2021-05-18 21:55:56.645  INFO 16404 --- [main] com.netflix.discovery.DiscoveryClient    : Application is null : false
2021-05-18 21:55:56.645  INFO 16404 --- [main] com.netflix.discovery.DiscoveryClient    : Registered Applications size is zero : true
2021-05-18 21:55:56.645  INFO 16404 --- [main] com.netflix.discovery.DiscoveryClient    : Application version is -1: true
2021-05-18 21:55:56.645  INFO 16404 --- [main] com.netflix.discovery.DiscoveryClient    : Getting all instance registry info from the eureka server
2021-05-18 21:55:57.083  INFO 16404 --- [main] com.netflix.discovery.DiscoveryClient    : The response status is 200
2021-05-18 21:55:57.088  INFO 16404 --- [main] com.netflix.discovery.DiscoveryClient    : Starting heartbeat executor: renew interval is: 30
2021-05-18 21:55:57.092  INFO 16404 --- [main] c.n.discovery.InstanceInfoReplicator     : InstanceInfoReplicator onDemand update allowed rate per min is 4
2021-05-18 21:55:57.099  INFO 16404 --- [main] com.netflix.discovery.DiscoveryClient    : Discovery Client initialized at timestamp 1621346157098 with initial instances count: 10
2021-05-18 21:55:57.103  INFO 16404 --- [main] o.s.c.n.e.s.EurekaServiceRegistry        : Registering application MICROSERVER-SECURITY with eureka with status UP
2021-05-18 21:55:57.104  INFO 16404 --- [main] com.netflix.discovery.DiscoveryClient    : Saw local status change event StatusChangeEvent [timestamp=1621346157104, current=UP, previous=STARTING]
2021-05-18 21:55:57.107  INFO 16404 --- [DiscoveryClient-InstanceInfoReplicator-0] com.netflix.discovery.DiscoveryClient    : DiscoveryClient_MICROSERVER-SECURITY/microserver-security(192.168.203.1:39004): registering service...
2021-05-18 21:55:57.143  INFO 16404 --- [main] o.s.b.w.embedded.tomcat.TomcatWebServer  : Tomcat started on port(s): 39004 (http) with context path ''
2021-05-18 21:55:57.145  INFO 16404 --- [main] .s.c.n.e.s.EurekaAutoServiceRegistration : Updating port to 39004
2021-05-18 21:55:57.284  INFO 16404 --- [DiscoveryClient-InstanceInfoReplicator-0] com.netflix.discovery.DiscoveryClient    : DiscoveryClient_MICROSERVER-SECURITY/microserver-security(192.168.203.1:39004) - registration status: 204
2021-05-18 21:55:58.751  INFO 16404 --- [main] o.s.cloud.commons.util.InetUtils         : Cannot determine local hostname
2021-05-18 21:55:58.777  INFO 16404 --- [main] c.s.m.s.MicroServerSecurityApplication   : Started MicroServerSecurityApplication in 13.687 seconds (JVM running for 15.461)
2021-05-18 21:55:59.877  INFO 16404 --- [RMI TCP Connection(5)-192.168.203.1] o.a.c.c.C.[Tomcat].[localhost].[/]       : Initializing Spring DispatcherServlet 'dispatcherServlet'
2021-05-18 21:55:59.877  INFO 16404 --- [RMI TCP Connection(5)-192.168.203.1] o.s.web.servlet.DispatcherServlet        : Initializing Servlet 'dispatcherServlet'
2021-05-18 21:55:59.879  INFO 16404 --- [RMI TCP Connection(5)-192.168.203.1] o.s.web.servlet.DispatcherServlet        : Completed initialization in 2 ms
2021-05-18 21:58:10.417  INFO 16404 --- [SpringContextShutdownHook] o.s.c.n.e.s.EurekaServiceRegistry        : Unregistering application MICROSERVER-SECURITY with eureka with status DOWN
2021-05-18 21:58:10.418  INFO 16404 --- [SpringContextShutdownHook] com.netflix.discovery.DiscoveryClient    : Saw local status change event StatusChangeEvent [timestamp=1621346290418, current=DOWN, previous=UP]
2021-05-18 21:58:10.418  INFO 16404 --- [DiscoveryClient-InstanceInfoReplicator-0] com.netflix.discovery.DiscoveryClient    : DiscoveryClient_MICROSERVER-SECURITY/microserver-security(192.168.203.1:39004): registering service...
2021-05-18 21:58:10.540  INFO 16404 --- [DiscoveryClient-InstanceInfoReplicator-0] com.netflix.discovery.DiscoveryClient    : DiscoveryClient_MICROSERVER-SECURITY/microserver-security(192.168.203.1:39004) - registration status: 204
2021-05-18 21:58:10.877  INFO 16404 --- [SpringContextShutdownHook] o.s.s.concurrent.ThreadPoolTaskExecutor  : Shutting down ExecutorService 'applicationTaskExecutor'
2021-05-18 21:58:11.014  INFO 16404 --- [SpringContextShutdownHook] com.netflix.discovery.DiscoveryClient    : Shutting down DiscoveryClient ...
2021-05-18 21:58:14.023  INFO 16404 --- [SpringContextShutdownHook] com.netflix.discovery.DiscoveryClient    : Unregistering ...
2021-05-18 21:58:14.130  INFO 16404 --- [SpringContextShutdownHook] com.netflix.discovery.DiscoveryClient    : DiscoveryClient_MICROSERVER-SECURITY/microserver-security(192.168.203.1:39004) - deregister  status: 200
2021-05-18 21:58:14.141  INFO 16404 --- [SpringContextShutdownHook] com.netflix.discovery.DiscoveryClient    : Completed shut down of DiscoveryClient
